# JRE version: OpenJDK Runtime Environment Zulu15.44+13-CA (15.0.9+5) (build 15.0.9+5-MTS)
# Java VM: OpenJDK 64-Bit Server VM Zulu15.44+13-CA (15.0.9+5-MTS, mixed mode, sharing, tiered, compressed oops, g1 gc, windows-amd64)
GC Precious Log:
 CPUs: 12 total, 12 available
 Memory: 15706M
 Large Page Support: Disabled
 NUMA Support: Disabled
 Compressed Oops: Enabled (Zero based)
 Heap Region Size: 2M
 Heap Min Capacity: 8M
 Heap Initial Capacity: 246M
 Heap Max Capacity: 3928M
 Pre-touch: Disabled
 Parallel Workers: 10
 Concurrent Workers: 3
 Concurrent Refinement Workers: 10
 Periodic GC: Disabled
Heap:
 garbage-first heap   total 96256K, used 40454K [0x000000070a800000, 0x0000000800000000)
  region size 2048K, 7 young (14336K), 3 survivors (6144K)
 Metaspace       used 59696K, capacity 60274K, committed 60420K, reserved 1101824K
  class space    used 8277K, capacity 8492K, committed 8556K, reserved 1048576K
GC Heap History (20 events):
Event: 1.673 GC heap before
{Heap before GC invocations=3 (full 0):
 garbage-first heap   total 251904K, used 35511K [0x000000070a800000, 0x0000000800000000)
  region size 2048K, 14 young (28672K), 2 survivors (4096K)
 Metaspace       used 20873K, capacity 21131K, committed 21296K, reserved 1067008K
  class space    used 2735K, capacity 2830K, committed 2944K, reserved 1048576K
}
Event: 1.677 GC heap after
{Heap after GC invocations=4 (full 0):
 garbage-first heap   total 251904K, used 14173K [0x000000070a800000, 0x0000000800000000)
  region size 2048K, 3 young (6144K), 3 survivors (6144K)
 Metaspace       used 20873K, capacity 21131K, committed 21296K, reserved 1067008K
  class space    used 2735K, capacity 2830K, committed 2944K, reserved 1048576K
}
Event: 2.095 GC heap before
{Heap before GC invocations=5 (full 0):
 garbage-first heap   total 61440K, used 59229K [0x000000070a800000, 0x0000000800000000)
  region size 2048K, 25 young (51200K), 3 survivors (6144K)
 Metaspace       used 23659K, capacity 24031K, committed 24240K, reserved 1071104K
  class space    used 3143K, capacity 3276K, committed 3328K, reserved 1048576K
}
Event: 2.101 GC heap after
{Heap after GC invocations=6 (full 0):
 garbage-first heap   total 83968K, used 16733K [0x000000070a800000, 0x0000000800000000)
  region size 2048K, 4 young (8192K), 4 survivors (8192K)
 Metaspace       used 23659K, capacity 24031K, committed 24240K, reserved 1071104K
  class space    used 3143K, capacity 3276K, committed 3328K, reserved 1048576K
}
Event: 2.434 GC heap before
{Heap before GC invocations=6 (full 0):
 garbage-first heap   total 83968K, used 55645K [0x000000070a800000, 0x0000000800000000)
  region size 2048K, 24 young (49152K), 4 survivors (8192K)
 Metaspace       used 26010K, capacity 26423K, committed 26544K, reserved 1073152K
  class space    used 3461K, capacity 3581K, committed 3584K, reserved 1048576K
}
Event: 2.439 GC heap after
{Heap after GC invocations=7 (full 0):
 garbage-first heap   total 83968K, used 17646K [0x000000070a800000, 0x0000000800000000)
  region size 2048K, 3 young (6144K), 3 survivors (6144K)
 Metaspace       used 26010K, capacity 26423K, committed 26544K, reserved 1073152K
  class space    used 3461K, capacity 3581K, committed 3584K, reserved 1048576K
}
Event: 2.955 GC heap before
{Heap before GC invocations=7 (full 0):
 garbage-first heap   total 83968K, used 56558K [0x000000070a800000, 0x0000000800000000)
  region size 2048K, 22 young (45056K), 3 survivors (6144K)
 Metaspace       used 29589K, capacity 30138K, committed 30256K, reserved 1075200K
  class space    used 3985K, capacity 4145K, committed 4224K, reserved 1048576K
}
Event: 2.960 GC heap after
{Heap after GC invocations=8 (full 0):
 garbage-first heap   total 83968K, used 20357K [0x000000070a800000, 0x0000000800000000)
  region size 2048K, 3 young (6144K), 3 survivors (6144K)
 Metaspace       used 29589K, capacity 30138K, committed 30256K, reserved 1075200K
  class space    used 3985K, capacity 4145K, committed 4224K, reserved 1048576K
}
Event: 3.399 GC heap before
{Heap before GC invocations=8 (full 0):
 garbage-first heap   total 83968K, used 59269K [0x000000070a800000, 0x0000000800000000)
  region size 2048K, 22 young (45056K), 3 survivors (6144K)
 Metaspace       used 33945K, capacity 34507K, committed 34736K, reserved 1079296K
  class space    used 4577K, capacity 4741K, committed 4864K, reserved 1048576K
}
Event: 3.405 GC heap after
{Heap after GC invocations=9 (full 0):
 garbage-first heap   total 83968K, used 23210K [0x000000070a800000, 0x0000000800000000)
  region size 2048K, 3 young (6144K), 3 survivors (6144K)
 Metaspace       used 33945K, capacity 34507K, committed 34736K, reserved 1079296K
  class space    used 4577K, capacity 4741K, committed 4864K, reserved 1048576K
}
Event: 3.665 GC heap before
{Heap before GC invocations=9 (full 0):
 garbage-first heap   total 83968K, used 41642K [0x000000070a800000, 0x0000000800000000)
  region size 2048K, 13 young (26624K), 3 survivors (6144K)
 Metaspace       used 35329K, capacity 35861K, committed 35888K, reserved 1081344K
  class space    used 4806K, capacity 4976K, committed 4992K, reserved 1048576K
}
Event: 3.670 GC heap after
{Heap after GC invocations=10 (full 0):
 garbage-first heap   total 102400K, used 24490K [0x000000070a800000, 0x0000000800000000)
  region size 2048K, 1 young (2048K), 1 survivors (2048K)
 Metaspace       used 35329K, capacity 35861K, committed 35888K, reserved 1081344K
  class space    used 4806K, capacity 4976K, committed 4992K, reserved 1048576K
}
Event: 4.303 GC heap before
{Heap before GC invocations=11 (full 0):
 garbage-first heap   total 96256K, used 77738K [0x000000070a800000, 0x0000000800000000)
  region size 2048K, 27 young (55296K), 1 survivors (2048K)
 Metaspace       used 45361K, capacity 45935K, committed 46108K, reserved 1089536K
  class space    used 6272K, capacity 6457K, committed 6508K, reserved 1048576K
}
Event: 4.308 GC heap after
{Heap after GC invocations=12 (full 0):
 garbage-first heap   total 96256K, used 28377K [0x000000070a800000, 0x0000000800000000)
  region size 2048K, 3 young (6144K), 3 survivors (6144K)
 Metaspace       used 45361K, capacity 45935K, committed 46108K, reserved 1089536K
  class space    used 6272K, capacity 6457K, committed 6508K, reserved 1048576K
}
Event: 4.885 GC heap before
{Heap before GC invocations=12 (full 0):
 garbage-first heap   total 96256K, used 73433K [0x000000070a800000, 0x0000000800000000)
  region size 2048K, 25 young (51200K), 3 survivors (6144K)
 Metaspace       used 52785K, capacity 53329K, committed 53660K, reserved 1095680K
  class space    used 7357K, capacity 7527K, committed 7660K, reserved 1048576K
}
Event: 4.892 GC heap after
{Heap after GC invocations=13 (full 0):
 garbage-first heap   total 96256K, used 30416K [0x000000070a800000, 0x0000000800000000)
  region size 2048K, 2 young (4096K), 2 survivors (4096K)
 Metaspace       used 52785K, capacity 53329K, committed 53660K, reserved 1095680K
  class space    used 7357K, capacity 7527K, committed 7660K, reserved 1048576K
}
Event: 5.463 GC heap before
{Heap before GC invocations=13 (full 0):
 garbage-first heap   total 96256K, used 71376K [0x000000070a800000, 0x0000000800000000)
  region size 2048K, 22 young (45056K), 2 survivors (4096K)
 Metaspace       used 56265K, capacity 56899K, committed 57116K, reserved 1097728K
  class space    used 7784K, capacity 8013K, committed 8044K, reserved 1048576K
}
Event: 5.467 GC heap after
{Heap after GC invocations=14 (full 0):
 garbage-first heap   total 96256K, used 31675K [0x000000070a800000, 0x0000000800000000)
  region size 2048K, 2 young (4096K), 2 survivors (4096K)
 Metaspace       used 56265K, capacity 56899K, committed 57116K, reserved 1097728K
  class space    used 7784K, capacity 8013K, committed 8044K, reserved 1048576K
}
Event: 5.888 GC heap before
{Heap before GC invocations=14 (full 0):
 garbage-first heap   total 96256K, used 74683K [0x000000070a800000, 0x0000000800000000)
  region size 2048K, 23 young (47104K), 2 survivors (4096K)
 Metaspace       used 59607K, capacity 60189K, committed 60420K, reserved 1101824K
  class space    used 8269K, capacity 8488K, committed 8556K, reserved 1048576K
}
Event: 5.893 GC heap after
{Heap after GC invocations=15 (full 0):
 garbage-first heap   total 96256K, used 34310K [0x000000070a800000, 0x0000000800000000)
  region size 2048K, 3 young (6144K), 3 survivors (6144K)
 Metaspace       used 59607K, capacity 60189K, committed 60420K, reserved 1101824K
  class space    used 8269K, capacity 8488K, committed 8556K, reserved 1048576K
}

