# JRE version: OpenJDK Runtime Environment Zulu15.44+13-CA (15.0.9+5) (build 15.0.9+5-MTS)
# Java VM: OpenJDK 64-Bit Server VM Zulu15.44+13-CA (15.0.9+5-MTS, mixed mode, sharing, tiered, compressed oops, g1 gc, windows-amd64)
GC Precious Log:
 CPUs: 12 total, 12 available
 Memory: 15706M
 Large Page Support: Disabled
 NUMA Support: Disabled
 Compressed Oops: Enabled (Zero based)
 Heap Region Size: 2M
 Heap Min Capacity: 8M
 Heap Initial Capacity: 246M
 Heap Max Capacity: 3928M
 Pre-touch: Disabled
 Parallel Workers: 10
 Concurrent Workers: 3
 Concurrent Refinement Workers: 10
 Periodic GC: Disabled
Heap:
 garbage-first heap   total 116736K, used 87083K [0x000000070a800000, 0x0000000800000000)
  region size 2048K, 30 young (61440K), 2 survivors (4096K)
 Metaspace       used 59709K, capacity 60274K, committed 60420K, reserved 1101824K
  class space    used 8277K, capacity 8492K, committed 8556K, reserved 1048576K
GC Heap History (20 events):
Event: 1.536 GC heap before
{Heap before GC invocations=2 (full 0):
 garbage-first heap   total 251904K, used 60626K [0x000000070a800000, 0x0000000800000000)
  region size 2048K, 26 young (53248K), 1 survivors (2048K)
 Metaspace       used 18068K, capacity 18371K, committed 18560K, reserved 1064960K
  class space    used 2457K, capacity 2574K, committed 2688K, reserved 1048576K
}
Event: 1.539 GC heap after
{Heap after GC invocations=3 (full 0):
 garbage-first heap   total 251904K, used 12485K [0x000000070a800000, 0x0000000800000000)
  region size 2048K, 3 young (6144K), 3 survivors (6144K)
 Metaspace       used 18068K, capacity 18371K, committed 18560K, reserved 1064960K
  class space    used 2457K, capacity 2574K, committed 2688K, reserved 1048576K
}
Event: 1.632 GC heap before
{Heap before GC invocations=3 (full 0):
 garbage-first heap   total 251904K, used 30917K [0x000000070a800000, 0x0000000800000000)
  region size 2048K, 13 young (26624K), 3 survivors (6144K)
 Metaspace       used 20805K, capacity 21073K, committed 21296K, reserved 1067008K
  class space    used 2724K, capacity 2832K, committed 2944K, reserved 1048576K
}
Event: 1.636 GC heap after
{Heap after GC invocations=4 (full 0):
 garbage-first heap   total 251904K, used 13500K [0x000000070a800000, 0x0000000800000000)
  region size 2048K, 3 young (6144K), 3 survivors (6144K)
 Metaspace       used 20805K, capacity 21073K, committed 21296K, reserved 1067008K
  class space    used 2724K, capacity 2832K, committed 2944K, reserved 1048576K
}
Event: 1.911 GC heap before
{Heap before GC invocations=5 (full 0):
 garbage-first heap   total 61440K, used 44220K [0x000000070a800000, 0x0000000800000000)
  region size 2048K, 18 young (36864K), 3 survivors (6144K)
 Metaspace       used 23420K, capacity 23745K, committed 23984K, reserved 1071104K
  class space    used 3095K, capacity 3207K, committed 3328K, reserved 1048576K
}
Event: 1.916 GC heap after
{Heap after GC invocations=6 (full 0):
 garbage-first heap   total 61440K, used 15361K [0x000000070a800000, 0x0000000800000000)
  region size 2048K, 2 young (4096K), 2 survivors (4096K)
 Metaspace       used 23420K, capacity 23745K, committed 23984K, reserved 1071104K
  class space    used 3095K, capacity 3207K, committed 3328K, reserved 1048576K
}
Event: 2.092 GC heap before
{Heap before GC invocations=6 (full 0):
 garbage-first heap   total 61440K, used 37889K [0x000000070a800000, 0x0000000800000000)
  region size 2048K, 14 young (28672K), 2 survivors (4096K)
 Metaspace       used 23697K, capacity 24031K, committed 24240K, reserved 1071104K
  class space    used 3148K, capacity 3276K, committed 3328K, reserved 1048576K
}
Event: 2.094 GC heap after
{Heap after GC invocations=7 (full 0):
 garbage-first heap   total 61440K, used 16486K [0x000000070a800000, 0x0000000800000000)
  region size 2048K, 2 young (4096K), 2 survivors (4096K)
 Metaspace       used 23697K, capacity 24031K, committed 24240K, reserved 1071104K
  class space    used 3148K, capacity 3276K, committed 3328K, reserved 1048576K
}
Event: 2.282 GC heap before
{Heap before GC invocations=7 (full 0):
 garbage-first heap   total 61440K, used 41062K [0x000000070a800000, 0x0000000800000000)
  region size 2048K, 14 young (28672K), 2 survivors (4096K)
 Metaspace       used 25332K, capacity 25658K, committed 25776K, reserved 1071104K
  class space    used 3363K, capacity 3475K, committed 3584K, reserved 1048576K
}
Event: 2.285 GC heap after
{Heap after GC invocations=8 (full 0):
 garbage-first heap   total 61440K, used 17370K [0x000000070a800000, 0x0000000800000000)
  region size 2048K, 2 young (4096K), 2 survivors (4096K)
 Metaspace       used 25332K, capacity 25658K, committed 25776K, reserved 1071104K
  class space    used 3363K, capacity 3475K, committed 3584K, reserved 1048576K
}
Event: 2.633 GC heap before
{Heap before GC invocations=8 (full 0):
 garbage-first heap   total 61440K, used 41946K [0x000000070a800000, 0x0000000800000000)
  region size 2048K, 14 young (28672K), 2 survivors (4096K)
 Metaspace       used 27474K, capacity 27980K, committed 28208K, reserved 1073152K
  class space    used 3686K, capacity 3842K, committed 3968K, reserved 1048576K
}
Event: 2.637 GC heap after
{Heap after GC invocations=9 (full 0):
 garbage-first heap   total 157696K, used 19119K [0x000000070a800000, 0x0000000800000000)
  region size 2048K, 2 young (4096K), 2 survivors (4096K)
 Metaspace       used 27474K, capacity 27980K, committed 28208K, reserved 1073152K
  class space    used 3686K, capacity 3842K, committed 3968K, reserved 1048576K
}
Event: 3.654 GC heap before
{Heap before GC invocations=9 (full 0):
 garbage-first heap   total 157696K, used 96943K [0x000000070a800000, 0x0000000800000000)
  region size 2048K, 41 young (83968K), 2 survivors (4096K)
 Metaspace       used 35315K, capacity 35861K, committed 35888K, reserved 1081344K
  class space    used 4800K, capacity 4976K, committed 4992K, reserved 1048576K
}
Event: 3.661 GC heap after
{Heap after GC invocations=10 (full 0):
 garbage-first heap   total 157696K, used 24226K [0x000000070a800000, 0x0000000800000000)
  region size 2048K, 4 young (8192K), 4 survivors (8192K)
 Metaspace       used 35315K, capacity 35861K, committed 35888K, reserved 1081344K
  class space    used 4800K, capacity 4976K, committed 4992K, reserved 1048576K
}
Event: 4.298 GC heap before
{Heap before GC invocations=11 (full 0):
 garbage-first heap   total 96256K, used 73378K [0x000000070a800000, 0x0000000800000000)
  region size 2048K, 28 young (57344K), 4 survivors (8192K)
 Metaspace       used 44656K, capacity 45199K, committed 45468K, reserved 1089536K
  class space    used 6163K, capacity 6361K, committed 6380K, reserved 1048576K
}
Event: 4.307 GC heap after
{Heap after GC invocations=12 (full 0):
 garbage-first heap   total 96256K, used 28153K [0x000000070a800000, 0x0000000800000000)
  region size 2048K, 3 young (6144K), 3 survivors (6144K)
 Metaspace       used 44656K, capacity 45199K, committed 45468K, reserved 1089536K
  class space    used 6163K, capacity 6361K, committed 6380K, reserved 1048576K
}
Event: 4.861 GC heap before
{Heap before GC invocations=12 (full 0):
 garbage-first heap   total 96256K, used 69113K [0x000000070a800000, 0x0000000800000000)
  region size 2048K, 24 young (49152K), 3 survivors (6144K)
 Metaspace       used 51965K, capacity 52546K, committed 52764K, reserved 1095680K
  class space    used 7230K, capacity 7395K, committed 7532K, reserved 1048576K
}
Event: 4.870 GC heap after
{Heap after GC invocations=13 (full 0):
 garbage-first heap   total 96256K, used 30757K [0x000000070a800000, 0x0000000800000000)
  region size 2048K, 2 young (4096K), 2 survivors (4096K)
 Metaspace       used 51965K, capacity 52546K, committed 52764K, reserved 1095680K
  class space    used 7230K, capacity 7395K, committed 7532K, reserved 1048576K
}
Event: 5.482 GC heap before
{Heap before GC invocations=13 (full 0):
 garbage-first heap   total 96256K, used 73765K [0x000000070a800000, 0x0000000800000000)
  region size 2048K, 23 young (47104K), 2 survivors (4096K)
 Metaspace       used 55340K, capacity 55939K, committed 56220K, reserved 1097728K
  class space    used 7679K, capacity 7885K, committed 7916K, reserved 1048576K
}
Event: 5.487 GC heap after
{Heap after GC invocations=14 (full 0):
 garbage-first heap   total 116736K, used 31787K [0x000000070a800000, 0x0000000800000000)
  region size 2048K, 2 young (4096K), 2 survivors (4096K)
 Metaspace       used 55340K, capacity 55939K, committed 56220K, reserved 1097728K
  class space    used 7679K, capacity 7885K, committed 7916K, reserved 1048576K
}

