# JRE version: OpenJDK Runtime Environment Zulu15.44+13-CA (15.0.9+5) (build 15.0.9+5-MTS)
# Java VM: OpenJDK 64-Bit Server VM Zulu15.44+13-CA (15.0.9+5-MTS, mixed mode, sharing, tiered, compressed oops, g1 gc, windows-amd64)
GC Precious Log:
 CPUs: 12 total, 12 available
 Memory: 15706M
 Large Page Support: Disabled
 NUMA Support: Disabled
 Compressed Oops: Enabled (Zero based)
 Heap Region Size: 2M
 Heap Min Capacity: 8M
 Heap Initial Capacity: 246M
 Heap Max Capacity: 3928M
 Pre-touch: Disabled
 Parallel Workers: 10
 Concurrent Workers: 3
 Concurrent Refinement Workers: 10
 Periodic GC: Disabled
Heap:
 garbage-first heap   total 122880K, used 76014K [0x000000070a800000, 0x0000000800000000)
  region size 2048K, 25 young (51200K), 3 survivors (6144K)
 Metaspace       used 59688K, capacity 60242K, committed 60420K, reserved 1101824K
  class space    used 8273K, capacity 8460K, committed 8556K, reserved 1048576K
GC Heap History (20 events):
Event: 1.734 GC heap before
{Heap before GC invocations=3 (full 0):
 garbage-first heap   total 251904K, used 31008K [0x000000070a800000, 0x0000000800000000)
  region size 2048K, 13 young (26624K), 3 survivors (6144K)
 Metaspace       used 20873K, capacity 21163K, committed 21296K, reserved 1067008K
  class space    used 2735K, capacity 2862K, committed 2944K, reserved 1048576K
}
Event: 1.738 GC heap after
{Heap after GC invocations=4 (full 0):
 garbage-first heap   total 251904K, used 13349K [0x000000070a800000, 0x0000000800000000)
  region size 2048K, 3 young (6144K), 3 survivors (6144K)
 Metaspace       used 20873K, capacity 21163K, committed 21296K, reserved 1067008K
  class space    used 2735K, capacity 2862K, committed 2944K, reserved 1048576K
}
Event: 2.039 GC heap before
{Heap before GC invocations=5 (full 0):
 garbage-first heap   total 61440K, used 44069K [0x000000070a800000, 0x0000000800000000)
  region size 2048K, 18 young (36864K), 3 survivors (6144K)
 Metaspace       used 23418K, capacity 23777K, committed 23984K, reserved 1071104K
  class space    used 3100K, capacity 3239K, committed 3328K, reserved 1048576K
}
Event: 2.045 GC heap after
{Heap after GC invocations=6 (full 0):
 garbage-first heap   total 61440K, used 15467K [0x000000070a800000, 0x0000000800000000)
  region size 2048K, 2 young (4096K), 2 survivors (4096K)
 Metaspace       used 23418K, capacity 23777K, committed 23984K, reserved 1071104K
  class space    used 3100K, capacity 3239K, committed 3328K, reserved 1048576K
}
Event: 2.214 GC heap before
{Heap before GC invocations=6 (full 0):
 garbage-first heap   total 61440K, used 40043K [0x000000070a800000, 0x0000000800000000)
  region size 2048K, 14 young (28672K), 2 survivors (4096K)
 Metaspace       used 23688K, capacity 24031K, committed 24240K, reserved 1071104K
  class space    used 3149K, capacity 3276K, committed 3328K, reserved 1048576K
}
Event: 2.217 GC heap after
{Heap after GC invocations=7 (full 0):
 garbage-first heap   total 61440K, used 16692K [0x000000070a800000, 0x0000000800000000)
  region size 2048K, 2 young (4096K), 2 survivors (4096K)
 Metaspace       used 23688K, capacity 24031K, committed 24240K, reserved 1071104K
  class space    used 3149K, capacity 3276K, committed 3328K, reserved 1048576K
}
Event: 2.417 GC heap before
{Heap before GC invocations=7 (full 0):
 garbage-first heap   total 61440K, used 41268K [0x000000070a800000, 0x0000000800000000)
  region size 2048K, 14 young (28672K), 2 survivors (4096K)
 Metaspace       used 25353K, capacity 25693K, committed 25776K, reserved 1071104K
  class space    used 3368K, capacity 3508K, committed 3584K, reserved 1048576K
}
Event: 2.420 GC heap after
{Heap after GC invocations=8 (full 0):
 garbage-first heap   total 61440K, used 17905K [0x000000070a800000, 0x0000000800000000)
  region size 2048K, 2 young (4096K), 2 survivors (4096K)
 Metaspace       used 25353K, capacity 25693K, committed 25776K, reserved 1071104K
  class space    used 3368K, capacity 3508K, committed 3584K, reserved 1048576K
}
Event: 2.783 GC heap before
{Heap before GC invocations=8 (full 0):
 garbage-first heap   total 61440K, used 42481K [0x000000070a800000, 0x0000000800000000)
  region size 2048K, 14 young (28672K), 2 survivors (4096K)
 Metaspace       used 27478K, capacity 27980K, committed 28208K, reserved 1073152K
  class space    used 3687K, capacity 3842K, committed 3968K, reserved 1048576K
}
Event: 2.786 GC heap after
{Heap after GC invocations=9 (full 0):
 garbage-first heap   total 61440K, used 19347K [0x000000070a800000, 0x0000000800000000)
  region size 2048K, 2 young (4096K), 2 survivors (4096K)
 Metaspace       used 27478K, capacity 27980K, committed 28208K, reserved 1073152K
  class space    used 3687K, capacity 3842K, committed 3968K, reserved 1048576K
}
Event: 3.063 GC heap before
{Heap before GC invocations=9 (full 0):
 garbage-first heap   total 61440K, used 41875K [0x000000070a800000, 0x0000000800000000)
  region size 2048K, 13 young (26624K), 2 survivors (4096K)
 Metaspace       used 29826K, capacity 30349K, committed 30512K, reserved 1075200K
  class space    used 4020K, capacity 4189K, committed 4224K, reserved 1048576K
}
Event: 3.066 GC heap after
{Heap after GC invocations=10 (full 0):
 garbage-first heap   total 157696K, used 21065K [0x000000070a800000, 0x0000000800000000)
  region size 2048K, 2 young (4096K), 2 survivors (4096K)
 Metaspace       used 29826K, capacity 30349K, committed 30512K, reserved 1075200K
  class space    used 4020K, capacity 4189K, committed 4224K, reserved 1048576K
}
Event: 3.755 GC heap before
{Heap before GC invocations=10 (full 0):
 garbage-first heap   total 157696K, used 74313K [0x000000070a800000, 0x0000000800000000)
  region size 2048K, 29 young (59392K), 2 survivors (4096K)
 Metaspace       used 35315K, capacity 35861K, committed 35888K, reserved 1081344K
  class space    used 4802K, capacity 4976K, committed 4992K, reserved 1048576K
}
Event: 3.761 GC heap after
{Heap after GC invocations=11 (full 0):
 garbage-first heap   total 157696K, used 24732K [0x000000070a800000, 0x0000000800000000)
  region size 2048K, 4 young (8192K), 4 survivors (8192K)
 Metaspace       used 35315K, capacity 35861K, committed 35888K, reserved 1081344K
  class space    used 4802K, capacity 4976K, committed 4992K, reserved 1048576K
}
Event: 4.450 GC heap before
{Heap before GC invocations=12 (full 0):
 garbage-first heap   total 102400K, used 77980K [0x000000070a800000, 0x0000000800000000)
  region size 2048K, 30 young (61440K), 4 survivors (8192K)
 Metaspace       used 45196K, capacity 45711K, committed 45852K, reserved 1089536K
  class space    used 6251K, capacity 6425K, committed 6508K, reserved 1048576K
}
Event: 4.457 GC heap after
{Heap after GC invocations=13 (full 0):
 garbage-first heap   total 102400K, used 28916K [0x000000070a800000, 0x0000000800000000)
  region size 2048K, 4 young (8192K), 4 survivors (8192K)
 Metaspace       used 45196K, capacity 45711K, committed 45852K, reserved 1089536K
  class space    used 6251K, capacity 6425K, committed 6508K, reserved 1048576K
}
Event: 5.096 GC heap before
{Heap before GC invocations=13 (full 0):
 garbage-first heap   total 102400K, used 76020K [0x000000070a800000, 0x0000000800000000)
  region size 2048K, 28 young (57344K), 4 survivors (8192K)
 Metaspace       used 52819K, capacity 53393K, committed 53660K, reserved 1095680K
  class space    used 7358K, capacity 7527K, committed 7660K, reserved 1048576K
}
Event: 5.103 GC heap after
{Heap after GC invocations=14 (full 0):
 garbage-first heap   total 102400K, used 31454K [0x000000070a800000, 0x0000000800000000)
  region size 2048K, 2 young (4096K), 2 survivors (4096K)
 Metaspace       used 52819K, capacity 53393K, committed 53660K, reserved 1095680K
  class space    used 7358K, capacity 7527K, committed 7660K, reserved 1048576K
}
Event: 5.747 GC heap before
{Heap before GC invocations=14 (full 0):
 garbage-first heap   total 102400K, used 76510K [0x000000070a800000, 0x0000000800000000)
  region size 2048K, 24 young (49152K), 2 survivors (4096K)
 Metaspace       used 56989K, capacity 57577K, committed 57756K, reserved 1099776K
  class space    used 7896K, capacity 8110K, committed 8172K, reserved 1048576K
}
Event: 5.753 GC heap after
{Heap after GC invocations=15 (full 0):
 garbage-first heap   total 122880K, used 33006K [0x000000070a800000, 0x0000000800000000)
  region size 2048K, 3 young (6144K), 3 survivors (6144K)
 Metaspace       used 56989K, capacity 57577K, committed 57756K, reserved 1099776K
  class space    used 7896K, capacity 8110K, committed 8172K, reserved 1048576K
}

